  Juego.cpp
C:\Users\admin\Desktop\Info-U\verano\ProyectoTesoro00\Proyecto Tesoro\ListaArmas.h(65,18): warning C4805: '==': combinación no segura del tipo 'int' y el tipo 'bool' en la operación
  (compilando archivo de origen "Juego.cpp")
  
C:\Users\admin\Desktop\Info-U\verano\ProyectoTesoro00\Proyecto Tesoro\Matriz.h(139,18): warning C4805: '==': combinación no segura del tipo 'int' y el tipo 'bool' en la operación
  (compilando archivo de origen "Juego.cpp")
  
C:\Users\admin\Desktop\Info-U\verano\ProyectoTesoro00\Proyecto Tesoro\Matriz.h(154,16): warning C4553: "==": el resultado de la expresión no se usa. ¿Quiso decir "="?
  (compilando archivo de origen "Juego.cpp")
  
  Matriz.cpp
C:\Users\admin\Desktop\Info-U\verano\ProyectoTesoro00\Proyecto Tesoro\ListaArmas.h(65,18): warning C4805: '==': combinación no segura del tipo 'int' y el tipo 'bool' en la operación
  (compilando archivo de origen "Matriz.cpp")
  
C:\Users\admin\Desktop\Info-U\verano\ProyectoTesoro00\Proyecto Tesoro\Matriz.h(139,18): warning C4805: '==': combinación no segura del tipo 'int' y el tipo 'bool' en la operación
  (compilando archivo de origen "Matriz.cpp")
  
C:\Users\admin\Desktop\Info-U\verano\ProyectoTesoro00\Proyecto Tesoro\Matriz.h(154,16): warning C4553: "==": el resultado de la expresión no se usa. ¿Quiso decir "="?
  (compilando archivo de origen "Matriz.cpp")
  
C:\Users\admin\Desktop\Info-U\verano\ProyectoTesoro00\Proyecto Tesoro\Matriz.cpp(72,12): warning C4244: 'argumento': conversión de 'time_t' a 'unsigned int'; posible pérdida de datos
C:\Users\admin\Desktop\Info-U\verano\ProyectoTesoro00\Proyecto Tesoro\Matriz.cpp(93,12): warning C4244: 'argumento': conversión de 'time_t' a 'unsigned int'; posible pérdida de datos
C:\Users\admin\Desktop\Info-U\verano\ProyectoTesoro00\Proyecto Tesoro\Matriz.cpp(110,12): warning C4244: 'argumento': conversión de 'time_t' a 'unsigned int'; posible pérdida de datos
C:\Users\admin\Desktop\Info-U\verano\ProyectoTesoro00\Proyecto Tesoro\Matriz.cpp(127,12): warning C4244: 'argumento': conversión de 'time_t' a 'unsigned int'; posible pérdida de datos
C:\Users\admin\Desktop\Info-U\verano\ProyectoTesoro00\Proyecto Tesoro\Matriz.cpp(144,12): warning C4244: 'argumento': conversión de 'time_t' a 'unsigned int'; posible pérdida de datos
C:\Users\admin\Desktop\Info-U\verano\ProyectoTesoro00\Proyecto Tesoro\Matriz.cpp(161,12): warning C4244: 'argumento': conversión de 'time_t' a 'unsigned int'; posible pérdida de datos
C:\Users\admin\Desktop\Info-U\verano\ProyectoTesoro00\Proyecto Tesoro\Matriz.cpp(178,12): warning C4244: 'argumento': conversión de 'time_t' a 'unsigned int'; posible pérdida de datos
C:\Users\admin\Desktop\Info-U\verano\ProyectoTesoro00\Proyecto Tesoro\Matriz.cpp(195,12): warning C4244: 'argumento': conversión de 'time_t' a 'unsigned int'; posible pérdida de datos
C:\Users\admin\Desktop\Info-U\verano\ProyectoTesoro00\Proyecto Tesoro\Matriz.cpp(212,12): warning C4244: 'argumento': conversión de 'time_t' a 'unsigned int'; posible pérdida de datos
  main.cpp
C:\Users\admin\Desktop\Info-U\verano\ProyectoTesoro00\Proyecto Tesoro\ListaArmas.h(65,18): warning C4805: '==': combinación no segura del tipo 'int' y el tipo 'bool' en la operación
  (compilando archivo de origen "main.cpp")
  
C:\Users\admin\Desktop\Info-U\verano\ProyectoTesoro00\Proyecto Tesoro\Matriz.h(139,18): warning C4805: '==': combinación no segura del tipo 'int' y el tipo 'bool' en la operación
  (compilando archivo de origen "main.cpp")
  
C:\Users\admin\Desktop\Info-U\verano\ProyectoTesoro00\Proyecto Tesoro\Matriz.h(154,16): warning C4553: "==": el resultado de la expresión no se usa. ¿Quiso decir "="?
  (compilando archivo de origen "main.cpp")
  
  Generando código...
C:\Users\admin\Desktop\Info-U\verano\ProyectoTesoro00\Proyecto Tesoro\Matriz.h(147): warning C4715: 'Matriz::recuperarMatriz': no todas las rutas de acceso de control devuelven un valor
  Proyecto Tesoro.vcxproj -> C:\Users\admin\Desktop\Info-U\verano\ProyectoTesoro00\x64\Debug\Proyecto Tesoro.exe
