c:\users\user\desktop\proyecto knight\proyecto tesoro\x64\debug\vc143.pdb
c:\users\user\desktop\proyecto knight\proyecto tesoro\x64\debug\vc143.idb
c:\users\user\desktop\proyecto knight\proyecto tesoro\x64\debug\yesca.obj
c:\users\user\desktop\proyecto knight\proyecto tesoro\x64\debug\tentaculos.obj
c:\users\user\desktop\proyecto knight\proyecto tesoro\x64\debug\ogro.obj
c:\users\user\desktop\proyecto knight\proyecto tesoro\x64\debug\nodoa.obj
c:\users\user\desktop\proyecto knight\proyecto tesoro\x64\debug\main.obj
c:\users\user\desktop\proyecto knight\proyecto tesoro\x64\debug\listaarmas.obj
c:\users\user\desktop\proyecto knight\proyecto tesoro\x64\debug\hierba.obj
c:\users\user\desktop\proyecto knight\proyecto tesoro\x64\debug\espada.obj
c:\users\user\desktop\proyecto knight\proyecto tesoro\x64\debug\enemigo.obj
c:\users\user\desktop\proyecto knight\proyecto tesoro\x64\debug\daga.obj
c:\users\user\desktop\proyecto knight\proyecto tesoro\x64\debug\cosa.obj
c:\users\user\desktop\proyecto knight\proyecto tesoro\x64\debug\caballero.obj
c:\users\user\desktop\proyecto knight\proyecto tesoro\x64\debug\ballesta.obj
c:\users\user\desktop\proyecto knight\proyecto tesoro\x64\debug\arma.obj
c:\users\user\desktop\proyecto knight\proyecto tesoro\x64\debug\proyecto tesoro.ilk
c:\users\user\desktop\proyecto knight\x64\debug\proyecto tesoro.exe
c:\users\user\desktop\proyecto knight\x64\debug\proyecto tesoro.pdb
c:\users\user\desktop\proyecto knight\proyecto tesoro\x64\debug\proyecto tesoro.tlog\cl.command.1.tlog
c:\users\user\desktop\proyecto knight\proyecto tesoro\x64\debug\proyecto tesoro.tlog\cl.items.tlog
c:\users\user\desktop\proyecto knight\proyecto tesoro\x64\debug\proyecto tesoro.tlog\cl.read.1.tlog
c:\users\user\desktop\proyecto knight\proyecto tesoro\x64\debug\proyecto tesoro.tlog\cl.write.1.tlog
c:\users\user\desktop\proyecto knight\proyecto tesoro\x64\debug\proyecto tesoro.tlog\link.command.1.tlog
c:\users\user\desktop\proyecto knight\proyecto tesoro\x64\debug\proyecto tesoro.tlog\link.read.1.tlog
c:\users\user\desktop\proyecto knight\proyecto tesoro\x64\debug\proyecto tesoro.tlog\link.write.1.tlog
